<?xml version="1.0" encoding="UTF-8"?>
<!-- Generated by org.testng.reporters.JUnitXMLReporter -->
<testsuite ignored="0" hostname="CS-LP-619" failures="1" tests="1" name="Default test" time="1.374" errors="0" timestamp="2022-03-24T04:12:38 PDT">
  <testcase classname="DieselLabsSmoke.DBCheck" name="givenPythonInterpreter_whenPrintExecuted_thenOutputDisplayed" time="1.342">
    <failure type="org.python.core.PyException" message="ImportError: Cannot import site module and its dependencies: No module named site
Determine if the following attributes are correct:
  * sys.path: [C:\Users\Praveena.Johnbose\.m2\repository\org\python\jython\2.7.2\Lib, __classpath__, __pyclasspath__/]
    This attribute might be including the wrong directories, such as from CPython
  * sys.prefix: C:\Users\Praveena.Johnbose\.m2\repository\org\python\jython\2.7.2
    This attribute is set by the system property python.home, although it can
    be often automatically determined by the location of the Jython jar file

You can use the -S option or python.import.site=false to not import the site module">
      <![CDATA[ImportError: Cannot import site module and its dependencies: No module named site
Determine if the following attributes are correct:
  * sys.path: [C:\Users\Praveena.Johnbose\.m2\repository\org\python\jython\2.7.2\Lib, __classpath__, __pyclasspath__/]
    This attribute might be including the wrong directories, such as from CPython
  * sys.prefix: C:\Users\Praveena.Johnbose\.m2\repository\org\python\jython\2.7.2
    This attribute is set by the system property python.home, although it can
    be often automatically determined by the location of the Jython jar file

You can use the -S option or python.import.site=false to not import the site module

at org.python.core.Py.ImportError(Py.java:329)
at org.python.core.Py.importSiteIfSelected(Py.java:1850)
at org.python.util.PythonInterpreter.<init>(PythonInterpreter.java:111)
at org.python.util.PythonInterpreter.<init>(PythonInterpreter.java:93)
at org.python.util.PythonInterpreter.<init>(PythonInterpreter.java:70)
at DieselLabsSmoke.DBCheck.givenPythonInterpreter_whenPrintExecuted_thenOutputDisplayed(DBCheck.java:22)
at java.base/jdk.internal.reflect.NativeMethodAccessorImpl.invoke0(Native Method)
at java.base/jdk.internal.reflect.NativeMethodAccessorImpl.invoke(NativeMethodAccessorImpl.java:77)
at java.base/jdk.internal.reflect.DelegatingMethodAccessorImpl.invoke(DelegatingMethodAccessorImpl.java:43)
at java.base/java.lang.reflect.Method.invoke(Method.java:568)
at org.testng.internal.MethodInvocationHelper.invokeMethod(MethodInvocationHelper.java:133)
at org.testng.internal.TestInvoker.invokeMethod(TestInvoker.java:598)
at org.testng.internal.TestInvoker.invokeTestMethod(TestInvoker.java:173)
at org.testng.internal.MethodRunner.runInSequence(MethodRunner.java:46)
at org.testng.internal.TestInvoker$MethodInvocationAgent.invoke(TestInvoker.java:824)
at org.testng.internal.TestInvoker.invokeTestMethods(TestInvoker.java:146)
at org.testng.internal.TestMethodWorker.invokeTestMethods(TestMethodWorker.java:146)
at org.testng.internal.TestMethodWorker.run(TestMethodWorker.java:128)
at java.base/java.util.ArrayList.forEach(ArrayList.java:1511)
at org.testng.TestRunner.privateRun(TestRunner.java:794)
at org.testng.TestRunner.run(TestRunner.java:596)
at org.testng.SuiteRunner.runTest(SuiteRunner.java:377)
at org.testng.SuiteRunner.runSequentially(SuiteRunner.java:371)
at org.testng.SuiteRunner.privateRun(SuiteRunner.java:332)
at org.testng.SuiteRunner.run(SuiteRunner.java:276)
at org.testng.SuiteRunnerWorker.runSuite(SuiteRunnerWorker.java:53)
at org.testng.SuiteRunnerWorker.run(SuiteRunnerWorker.java:96)
at org.testng.TestNG.runSuitesSequentially(TestNG.java:1212)
at org.testng.TestNG.runSuitesLocally(TestNG.java:1134)
at org.testng.TestNG.runSuites(TestNG.java:1063)
at org.testng.TestNG.run(TestNG.java:1031)
at org.testng.remote.AbstractRemoteTestNG.run(AbstractRemoteTestNG.java:115)
at org.testng.remote.RemoteTestNG.initAndRun(RemoteTestNG.java:251)
at org.testng.remote.RemoteTestNG.main(RemoteTestNG.java:77)
]]>
    </failure>
  </testcase> <!-- givenPythonInterpreter_whenPrintExecuted_thenOutputDisplayed -->
</testsuite> <!-- Default test -->
